2026-05-23 20:30:29,660 - ERROR - MT5 Initialization Failed
2026-05-23 20:34:30,245 - ERROR - MT5 Initialization Failed
2026-05-23 20:35:33,688 - ERROR - MT5 Initialization Failed
2026-05-23 20:35:46,654 - ERROR - MT5 Initialization Failed
2026-05-23 20:36:13,931 - ERROR - MT5 Initialization Failed
2026-05-23 20:39:12,124 - ERROR - MT5 Initialization Failed
2026-05-23 20:42:20,123 - INFO - MT5 Connected Successfully
2026-05-23 20:46:02,252 - INFO - MT5 Connected Successfully
2026-05-23 20:48:04,519 - INFO - MT5 Connected Successfully
2026-05-23 20:49:01,176 - ERROR - Order Failed: 10019
2026-05-23 20:49:02,180 - ERROR - Order Failed: 10019
2026-05-23 20:49:03,183 - ERROR - Order Failed: 10019
2026-05-23 20:49:04,185 - ERROR - Order Failed: 10019
2026-05-23 20:49:05,193 - ERROR - Order Failed: 10019
2026-05-23 20:49:06,196 - ERROR - Order Failed: 10019
2026-05-23 20:49:07,199 - ERROR - Order Failed: 10019
2026-05-23 20:49:08,202 - ERROR - Order Failed: 10019
2026-05-23 20:49:09,205 - ERROR - Order Failed: 10019
2026-05-23 20:49:10,210 - ERROR - Order Failed: 10019
2026-05-23 20:49:11,213 - ERROR - Order Failed: 10019
2026-05-23 20:49:12,216 - ERROR - Order Failed: 10019
2026-05-23 20:49:13,219 - ERROR - Order Failed: 10019
2026-05-23 20:49:14,223 - ERROR - Order Failed: 10019
2026-05-23 20:49:15,226 - ERROR - Order Failed: 10019
2026-05-23 20:49:16,230 - ERROR - Order Failed: 10019
2026-05-23 20:49:17,232 - ERROR - Order Failed: 10019
2026-05-23 20:49:18,235 - ERROR - Order Failed: 10019
2026-05-23 20:49:19,238 - ERROR - Order Failed: 10019
2026-05-23 20:49:20,241 - ERROR - Order Failed: 10019
2026-05-23 20:49:21,246 - ERROR - Order Failed: 10019
2026-05-23 20:49:22,249 - ERROR - Order Failed: 10019
2026-05-23 20:49:23,252 - ERROR - Order Failed: 10019
2026-05-23 20:49:24,255 - ERROR - Order Failed: 10019
2026-05-23 20:49:25,258 - ERROR - Order Failed: 10019
2026-05-23 20:49:26,262 - ERROR - Order Failed: 10019
2026-05-23 20:49:27,264 - ERROR - Order Failed: 10019
2026-05-23 20:49:28,267 - ERROR - Order Failed: 10019
2026-05-23 20:49:29,270 - ERROR - Order Failed: 10019
2026-05-23 20:49:30,273 - ERROR - Order Failed: 10019
2026-05-23 20:49:31,277 - ERROR - Order Failed: 10019
2026-05-23 20:49:32,280 - ERROR - Order Failed: 10019
2026-05-23 20:49:33,283 - ERROR - Order Failed: 10019
2026-05-23 20:49:34,286 - ERROR - Order Failed: 10019
2026-05-23 20:49:35,290 - ERROR - Order Failed: 10019
2026-05-23 20:49:36,295 - ERROR - Order Failed: 10019
2026-05-23 20:49:37,298 - ERROR - Order Failed: 10019
2026-05-23 20:49:38,301 - ERROR - Order Failed: 10019
2026-05-23 20:49:39,304 - ERROR - Order Failed: 10019
2026-05-23 20:49:40,307 - ERROR - Order Failed: 10019
2026-05-23 20:49:41,311 - ERROR - Order Failed: 10019
2026-05-23 20:49:42,313 - ERROR - Order Failed: 10019
2026-05-23 20:49:43,316 - ERROR - Order Failed: 10019
2026-05-23 20:49:44,319 - ERROR - Order Failed: 10019
2026-05-23 20:49:45,322 - ERROR - Order Failed: 10019
2026-05-23 20:49:46,326 - ERROR - Order Failed: 10019
2026-05-23 20:49:47,330 - ERROR - Order Failed: 10019
2026-05-23 20:49:48,332 - ERROR - Order Failed: 10019
2026-05-23 20:49:49,335 - ERROR - Order Failed: 10019
2026-05-23 20:49:50,338 - ERROR - Order Failed: 10019
2026-05-23 20:49:51,342 - ERROR - Order Failed: 10019
2026-05-23 20:49:52,346 - ERROR - Order Failed: 10019
2026-05-23 20:49:53,349 - ERROR - Order Failed: 10019
2026-05-23 20:49:54,352 - ERROR - Order Failed: 10019
2026-05-23 20:49:55,355 - ERROR - Order Failed: 10019
2026-05-23 20:49:56,358 - ERROR - Order Failed: 10019
2026-05-23 20:49:57,361 - ERROR - Order Failed: 10019
2026-05-23 20:49:58,364 - ERROR - Order Failed: 10019
2026-05-23 20:49:59,367 - ERROR - Order Failed: 10019
2026-05-23 20:50:00,370 - ERROR - Order Failed: 10019
2026-05-23 20:50:01,373 - ERROR - Order Failed: 10019
2026-05-23 20:50:02,377 - ERROR - Order Failed: 10019
2026-05-23 20:58:24,160 - INFO - Trade Executed: SELL
2026-05-23 20:59:15,557 - INFO - Trade Executed: SELL
2026-05-23 21:01:40,998 - INFO - Trade Executed: SELL
2026-05-23 21:11:12,896 - INFO - Trade Executed: BUY
2026-05-23 21:30:18,525 - INFO - Trade Executed: BUY
2026-05-23 22:07:44,914 - INFO - BUY ORDER: OrderSendResult(retcode=10009, deal=3848055398, order=4480180333, volume=5.74, price=75430.23, bid=75414.83, ask=75430.23, comment='EMA_BREAKOUT_BUY', request_id=2385081697, retcode_external=0, request=TradeRequest(action=1, magic=90920, order=0, symbol='BTCUSDm', volume=5.74, price=75430.23, stoplimit=0.0, sl=75297.68000000001, tp=75496.61, deviation=20, type=0, type_filling=1, type_time=0, expiration=0, comment='EMA_BREAKOUT_BUY', position=0, position_by=0))
2026-05-23 22:35:03,695 - INFO - SELL ORDER: OrderSendResult(retcode=10009, deal=3848066616, order=4480191511, volume=7.05, price=75355.66, bid=75355.66, ask=75371.06, comment='EMA_BREAKOUT_SEL', request_id=2385081698, retcode_external=0, request=TradeRequest(action=1, magic=90920, order=0, symbol='BTCUSDm', volume=7.05, price=75355.66, stoplimit=0.0, sl=75463.59999999999, tp=75301.61, deviation=20, type=1, type_filling=1, type_time=0, expiration=0, comment='EMA_BREAKOUT_SELL', position=0, position_by=0))
2026-05-23 22:37:23,575 - INFO - SELL ORDER: OrderSendResult(retcode=10009, deal=3848067659, order=4480192556, volume=6.22, price=75361.26, bid=75361.26, ask=75376.65999999999, comment='EMA_BREAKOUT_SEL', request_id=2385081699, retcode_external=0, request=TradeRequest(action=1, magic=90920, order=0, symbol='BTCUSDm', volume=6.22, price=75361.26, stoplimit=0.0, sl=75463.59999999999, tp=75310.08, deviation=20, type=1, type_filling=1, type_time=0, expiration=0, comment='EMA_BREAKOUT_SELL', position=0, position_by=0))
2026-05-23 23:16:18,981 - INFO - SELL ORDER: OrderSendResult(retcode=10009, deal=3848081137, order=4480206116, volume=4.25, price=75302.27, bid=75302.27, ask=75316.27, comment='EMA_BREAKOUT_SEL', request_id=2385081700, retcode_external=0, request=TradeRequest(action=1, magic=90920, order=0, symbol='BTCUSDm', volume=4.25, price=75287.47, stoplimit=0.0, sl=75437.15, tp=75212.57, deviation=20, type=1, type_filling=1, type_time=0, expiration=0, comment='EMA_BREAKOUT_SELL', position=0, position_by=0))
2026-05-23 23:36:46,452 - INFO - BUY ORDER: OrderSendResult(retcode=10009, deal=3848091804, order=4480216411, volume=4.74, price=75468.08, bid=75454.08, ask=75468.08, comment='EMA_BREAKOUT_BUY', request_id=2385081701, retcode_external=0, request=TradeRequest(action=1, magic=90920, order=0, symbol='BTCUSDm', volume=4.74, price=75455.38, stoplimit=0.0, sl=75321.15000000001, tp=75522.54, deviation=20, type=0, type_filling=1, type_time=0, expiration=0, comment='EMA_BREAKOUT_BUY', position=0, position_by=0))
